Traceback (most recent call last):
  File "/Users/guy/opt/anaconda3/lib/python3.8/site-packages/jupyter_cache/executors/utils.py", line 51, in single_nb_execution
    executenb(
  File "/Users/guy/opt/anaconda3/lib/python3.8/site-packages/nbclient/client.py", line 1112, in execute
    return NotebookClient(nb=nb, resources=resources, km=km, **kwargs).execute()
  File "/Users/guy/opt/anaconda3/lib/python3.8/site-packages/nbclient/util.py", line 74, in wrapped
    return just_run(coro(*args, **kwargs))
  File "/Users/guy/opt/anaconda3/lib/python3.8/site-packages/nbclient/util.py", line 53, in just_run
    return loop.run_until_complete(coro)
  File "/Users/guy/opt/anaconda3/lib/python3.8/asyncio/base_events.py", line 616, in run_until_complete
    return future.result()
  File "/Users/guy/opt/anaconda3/lib/python3.8/site-packages/nbclient/client.py", line 553, in async_execute
    await self.async_execute_cell(
  File "/Users/guy/opt/anaconda3/lib/python3.8/site-packages/nbclient/client.py", line 857, in async_execute_cell
    self._check_raise_for_error(cell, exec_reply)
  File "/Users/guy/opt/anaconda3/lib/python3.8/site-packages/nbclient/client.py", line 760, in _check_raise_for_error
    raise CellExecutionError.from_cell_and_msg(cell, exec_reply_content)
nbclient.exceptions.CellExecutionError: An error occurred while executing the following cell:
------------------
import io
f = io.BytesIO()
scaled_df.to_parquet(f)
    

------------------

[0;31m---------------------------------------------------------------------------[0m
[0;31mImportError[0m                               Traceback (most recent call last)
[0;32m<ipython-input-27-fc2ae1f72c00>[0m in [0;36m<module>[0;34m[0m
[1;32m      1[0m [0;32mimport[0m [0mio[0m[0;34m[0m[0;34m[0m[0m
[1;32m      2[0m [0mf[0m [0;34m=[0m [0mio[0m[0;34m.[0m[0mBytesIO[0m[0;34m([0m[0;34m)[0m[0;34m[0m[0;34m[0m[0m
[0;32m----> 3[0;31m [0mscaled_df[0m[0;34m.[0m[0mto_parquet[0m[0;34m([0m[0mf[0m[0;34m)[0m[0;34m[0m[0;34m[0m[0m
[0m[1;32m      4[0m [0;34m[0m[0m

[0;32m~/opt/anaconda3/lib/python3.8/site-packages/pandas/util/_decorators.py[0m in [0;36mwrapper[0;34m(*args, **kwargs)[0m
[1;32m    197[0m                 [0;32melse[0m[0;34m:[0m[0;34m[0m[0;34m[0m[0m
[1;32m    198[0m                     [0mkwargs[0m[0;34m[[0m[0mnew_arg_name[0m[0;34m][0m [0;34m=[0m [0mnew_arg_value[0m[0;34m[0m[0;34m[0m[0m
[0;32m--> 199[0;31m             [0;32mreturn[0m [0mfunc[0m[0;34m([0m[0;34m*[0m[0margs[0m[0;34m,[0m [0;34m**[0m[0mkwargs[0m[0;34m)[0m[0;34m[0m[0;34m[0m[0m
[0m[1;32m    200[0m [0;34m[0m[0m
[1;32m    201[0m         [0;32mreturn[0m [0mcast[0m[0;34m([0m[0mF[0m[0;34m,[0m [0mwrapper[0m[0;34m)[0m[0;34m[0m[0;34m[0m[0m

[0;32m~/opt/anaconda3/lib/python3.8/site-packages/pandas/core/frame.py[0m in [0;36mto_parquet[0;34m(self, path, engine, compression, index, partition_cols, storage_options, **kwargs)[0m
[1;32m   2453[0m         [0;32mfrom[0m [0mpandas[0m[0;34m.[0m[0mio[0m[0;34m.[0m[0mparquet[0m [0;32mimport[0m [0mto_parquet[0m[0;34m[0m[0;34m[0m[0m
[1;32m   2454[0m [0;34m[0m[0m
[0;32m-> 2455[0;31m         return to_parquet(
[0m[1;32m   2456[0m             [0mself[0m[0;34m,[0m[0;34m[0m[0;34m[0m[0m
[1;32m   2457[0m             [0mpath[0m[0;34m,[0m[0;34m[0m[0;34m[0m[0m

[0;32m~/opt/anaconda3/lib/python3.8/site-packages/pandas/io/parquet.py[0m in [0;36mto_parquet[0;34m(df, path, engine, compression, index, storage_options, partition_cols, **kwargs)[0m
[1;32m    384[0m     [0;32mif[0m [0misinstance[0m[0;34m([0m[0mpartition_cols[0m[0;34m,[0m [0mstr[0m[0;34m)[0m[0;34m:[0m[0;34m[0m[0;34m[0m[0m
[1;32m    385[0m         [0mpartition_cols[0m [0;34m=[0m [0;34m[[0m[0mpartition_cols[0m[0;34m][0m[0;34m[0m[0;34m[0m[0m
[0;32m--> 386[0;31m     [0mimpl[0m [0;34m=[0m [0mget_engine[0m[0;34m([0m[0mengine[0m[0;34m)[0m[0;34m[0m[0;34m[0m[0m
[0m[1;32m    387[0m [0;34m[0m[0m
[1;32m    388[0m     [0mpath_or_buf[0m[0;34m:[0m [0mFilePathOrBuffer[0m [0;34m=[0m [0mio[0m[0;34m.[0m[0mBytesIO[0m[0;34m([0m[0;34m)[0m [0;32mif[0m [0mpath[0m [0;32mis[0m [0;32mNone[0m [0;32melse[0m [0mpath[0m[0;34m[0m[0;34m[0m[0m

[0;32m~/opt/anaconda3/lib/python3.8/site-packages/pandas/io/parquet.py[0m in [0;36mget_engine[0;34m(engine)[0m
[1;32m     34[0m                 [0merror_msgs[0m [0;34m+=[0m [0;34m"\n - "[0m [0;34m+[0m [0mstr[0m[0;34m([0m[0merr[0m[0;34m)[0m[0;34m[0m[0;34m[0m[0m
[1;32m     35[0m [0;34m[0m[0m
[0;32m---> 36[0;31m         raise ImportError(
[0m[1;32m     37[0m             [0;34m"Unable to find a usable engine; "[0m[0;34m[0m[0;34m[0m[0m
[1;32m     38[0m             [0;34m"tried using: 'pyarrow', 'fastparquet'.\n"[0m[0;34m[0m[0;34m[0m[0m

[0;31mImportError[0m: Unable to find a usable engine; tried using: 'pyarrow', 'fastparquet'.
A suitable version of pyarrow or fastparquet is required for parquet support.
Trying to import the above resulted in these errors:
 - Missing optional dependency 'pyarrow'. pyarrow is required for parquet support. Use pip or conda to install pyarrow.
 - Missing optional dependency 'fastparquet'. fastparquet is required for parquet support. Use pip or conda to install fastparquet.
ImportError: Unable to find a usable engine; tried using: 'pyarrow', 'fastparquet'.
A suitable version of pyarrow or fastparquet is required for parquet support.
Trying to import the above resulted in these errors:
 - Missing optional dependency 'pyarrow'. pyarrow is required for parquet support. Use pip or conda to install pyarrow.
 - Missing optional dependency 'fastparquet'. fastparquet is required for parquet support. Use pip or conda to install fastparquet.

